C:\Program Files\Microsoft Visual Studio\2022\Community\MSBuild\Microsoft\VC\v170\Microsoft.CppBuild.targets(531,5): warning MSB8028: The intermediate directory (x64\Release\) contains files shared from another project (Circle Shooter.vcxproj).  This can lead to incorrect clean and rebuild behavior.
  Animation.cpp
C:\Users\yonat\source\repos\MegaMario\Animation.cpp(23,96): warning C4244: 'argument': conversion from 'float' to 'T', possible loss of data
C:\Users\yonat\source\repos\MegaMario\Animation.cpp(23,96): warning C4244:         with
C:\Users\yonat\source\repos\MegaMario\Animation.cpp(23,96): warning C4244:         [
C:\Users\yonat\source\repos\MegaMario\Animation.cpp(23,96): warning C4244:             T=int
C:\Users\yonat\source\repos\MegaMario\Animation.cpp(23,96): warning C4244:         ]
C:\Users\yonat\source\repos\MegaMario\Animation.cpp(23,86): warning C4244: 'argument': conversion from 'float' to 'T', possible loss of data
C:\Users\yonat\source\repos\MegaMario\Animation.cpp(23,86): warning C4244:         with
C:\Users\yonat\source\repos\MegaMario\Animation.cpp(23,86): warning C4244:         [
C:\Users\yonat\source\repos\MegaMario\Animation.cpp(23,86): warning C4244:             T=int
C:\Users\yonat\source\repos\MegaMario\Animation.cpp(23,86): warning C4244:         ]
C:\Users\yonat\source\repos\MegaMario\Animation.cpp(23,65): warning C4244: 'argument': conversion from 'double' to 'T', possible loss of data
C:\Users\yonat\source\repos\MegaMario\Animation.cpp(23,65): warning C4244:         with
C:\Users\yonat\source\repos\MegaMario\Animation.cpp(23,65): warning C4244:         [
C:\Users\yonat\source\repos\MegaMario\Animation.cpp(23,65): warning C4244:             T=int
C:\Users\yonat\source\repos\MegaMario\Animation.cpp(23,65): warning C4244:         ]
C:\Users\yonat\source\repos\MegaMario\Animation.cpp(46,97): warning C4244: 'argument': conversion from 'float' to 'T', possible loss of data
C:\Users\yonat\source\repos\MegaMario\Animation.cpp(46,97): warning C4244:         with
C:\Users\yonat\source\repos\MegaMario\Animation.cpp(46,97): warning C4244:         [
C:\Users\yonat\source\repos\MegaMario\Animation.cpp(46,97): warning C4244:             T=int
C:\Users\yonat\source\repos\MegaMario\Animation.cpp(46,97): warning C4244:         ]
C:\Users\yonat\source\repos\MegaMario\Animation.cpp(46,87): warning C4244: 'argument': conversion from 'float' to 'T', possible loss of data
C:\Users\yonat\source\repos\MegaMario\Animation.cpp(46,87): warning C4244:         with
C:\Users\yonat\source\repos\MegaMario\Animation.cpp(46,87): warning C4244:         [
C:\Users\yonat\source\repos\MegaMario\Animation.cpp(46,87): warning C4244:             T=int
C:\Users\yonat\source\repos\MegaMario\Animation.cpp(46,87): warning C4244:         ]
C:\Users\yonat\source\repos\MegaMario\Animation.cpp(46,66): warning C4244: 'argument': conversion from 'double' to 'T', possible loss of data
C:\Users\yonat\source\repos\MegaMario\Animation.cpp(46,66): warning C4244:         with
C:\Users\yonat\source\repos\MegaMario\Animation.cpp(46,66): warning C4244:         [
C:\Users\yonat\source\repos\MegaMario\Animation.cpp(46,66): warning C4244:             T=int
C:\Users\yonat\source\repos\MegaMario\Animation.cpp(46,66): warning C4244:         ]
  Scene_Play.cpp
C:\Users\yonat\source\repos\MegaMario\Scene_Play.cpp(55,30): warning C4244: 'initializing': conversion from 'float' to 'int', possible loss of data
C:\Users\yonat\source\repos\MegaMario\Scene_Play.cpp(56,30): warning C4244: 'initializing': conversion from 'float' to 'int', possible loss of data
C:\Users\yonat\source\repos\MegaMario\Scene_Play.cpp(168,100): warning C4244: 'argument': conversion from 'int' to 'float', possible loss of data
C:\Users\yonat\source\repos\MegaMario\Scene_Play.cpp(690,39): warning C4244: 'argument': conversion from 'size_t' to 'float', possible loss of data
  Generating code
  13 of 1178 functions ( 1.1%) were compiled, the rest were copied from previous compilation.
    0 functions were new in current compilation
    37 functions had inline decision re-evaluated but remain unchanged
  Finished generating code
  Circle Shooter.vcxproj -> C:\Users\yonat\source\repos\MegaMario\x64\Release\MegaMario.exe
